Adjutor: 000008F0: 15:26:37 [Terminated]:Exit Code: 0
Adjutor: 000004C0: 15:41:28 [Terminated]:Exit Code: 0
Adjutor: 00000B58: 15:43:15 [Terminated]:Exit Code: 0
Adjutor: 00000B0C: 15:44:33 [Terminated]:Exit Code: 0
Adjutor: 000009E8: 15:57:52 [Terminated]:Exit Code: 0
Adjutor: 000008B4: 15:59:12 [Terminated]:Exit Code: 0
Adjutor: 00000BCC: 16:01:38 [Terminated]:Exit Code: 0
Adjutor: 00000AE4: 16:01:40 [Terminated]:Exit Code: 0
Adjutor: 000007F8: 17:37:13 [Terminated]:Exit Code: 0
Adjutor: 000006B4: 17:43:12 [Terminated]:Exit Code: 0
Adjutor: 00000728: 17:47:35 [Terminated]:Exit Code: 0
Adjutor: 00000584: 17:49:05 [Terminated]:Exit Code: 0
Adjutor: 000005C0: 17:49:54 [Terminated]:Exit Code: 0
Adjutor: 000008E0: 17:50:54 [Terminated]:Exit Code: 0
Adjutor: 00000C3C: 17:54:12 [Terminated]:Exit Code: 0
Adjutor: 00000E70: 18:03:14 [Terminated]:Exit Code: 0
Adjutor: 00000490: 18:13:49 [Terminated]:Exit Code: 0
Adjutor: 0000045C: 18:15:10 [Terminated]:Exit Code: 0
Adjutor: 00000AD4: 18:18:34 [Terminated]:Exit Code: 0
Adjutor: 00000BA8: 18:22:37 [Terminated]:Exit Code: 0
Adjutor: 00000F14: 18:41:45 [Terminated]:Exit Code: 0
Adjutor: 00000B04: 18:42:15 [Terminated]:Exit Code: 0
