Inicio script -->C:\Developer\adjutor2\ScriptDeveloper\Adjutor3.0.9.583_patch01.sql
Fim de Linha 17. Tabela já existe no banco ->OPV_DEVOLUCAO.OPV0000
Fim de Linha 21. Tabela já existe no banco ->ENF_IT_QUANTIDADE_DEVOLVIDA.ENF_IT01
Fim de Linha 25. Tabela já existe no banco ->ENF_IT_QUANTIDADE_A_DEVOLVER.ENF_IT01
Fim de Linha 51. Tabela Já existe --> ENF_DEVOLUCAO already ex
Fim de Linha 52. ERROR: unsuccessful metadata update
Index IDX_ENF_DEVOLUCAO already exists
Fim de Linha 79. Tabela Já existe --> ENF_IT_DEVOLUCAO already ex
Fim de Linha 80. ERROR: unsuccessful metadata update
Index IDX_ENF_IT_DEVOLUCAO already exists
Fim de Linha 82. Tabela já existe no banco ->PRODUTO_PRECO_EMPRESA.SHAREDB
Fim de Linha 92. Tabela Já existe --> PRD0000_PRECO_EMPRESA already ex
Fim de Linha 93. ERROR: unsuccessful metadata update
Index IDX_PRD0000_PRECO_EMPRESA already exists
Fim de Linha 95. Tabela já existe no banco ->PMT_COMIS_SOBRE_DIF_VENDA_CUSTO.PRMT0001
Script com 11 erros 
Fim script -->C:\Developer\adjutor2\ScriptDeveloper\Adjutor3.0.9.583_patch01.sql
Sumário: 
Host:192.168.0.251
Database :E:\dados\Delta\DELTA1108.FDB
Backup não realizado.
ok - Adjutor3.0.9.583_patch01.sql
